KKKK
KKKN
KKKC
KKKM
KKNK
KKNN
KKNC
KKNM
KKCK
KKCN
KKCC
KKCM
KKMK
KKMN
KKMC
KKMM
KNKK
KNKN
KNKC
KNKM
KNNK
KNNN
KNNC
KNNM
KNCK
KNCN
KNCC
KNCM
KNMK
KNMN
KNMC
KNMM
KCKK
KCKN
KCKC
KCKM
KCNK
KCNN
KCNC
KCNM
KCCK
KCCN
KCCC
KCCM
KCMK
KCMN
KCMC
KCMM
KMKK
KMKN
KMKC
KMKM
KMNK
KMNN
KMNC
KMNM
KMCK
KMCN
KMCC
KMCM
KMMK
KMMN
KMMC
KMMM
NKKK
NKKN
NKKC
NKKM
NKNK
NKNN
NKNC
NKNM
NKCK
NKCN
NKCC
NKCM
NKMK
NKMN
NKMC
NKMM
NNKK
NNKN
NNKC
NNKM
NNNK
NNNN
NNNC
NNNM
NNCK
NNCN
NNCC
NNCM
NNMK
NNMN
NNMC
NNMM
NCKK
NCKN
NCKC
NCKM
NCNK
NCNN
NCNC
NCNM
NCCK
NCCN
NCCC
NCCM
NCMK
NCMN
NCMC
NCMM
NMKK
NMKN
NMKC
NMKM
NMNK
NMNN
NMNC
NMNM
NMCK
NMCN
NMCC
NMCM
NMMK
NMMN
NMMC
NMMM
CKKK
CKKN
CKKC
CKKM
CKNK
CKNN
CKNC
CKNM
CKCK
CKCN
CKCC
CKCM
CKMK
CKMN
CKMC
CKMM
CNKK
CNKN
CNKC
CNKM
CNNK
CNNN
CNNC
CNNM
CNCK
CNCN
CNCC
CNCM
CNMK
CNMN
CNMC
CNMM
CCKK
CCKN
CCKC
CCKM
CCNK
CCNN
CCNC
CCNM
CCCK
CCCN
CCCC
CCCM
CCMK
CCMN
CCMC
CCMM
CMKK
CMKN
CMKC
CMKM
CMNK
CMNN
CMNC
CMNM
CMCK
CMCN
CMCC
CMCM
CMMK
CMMN
CMMC
CMMM
MKKK
MKKN
MKKC
MKKM
MKNK
MKNN
MKNC
MKNM
MKCK
MKCN
MKCC
MKCM
MKMK
MKMN
MKMC
MKMM
MNKK
MNKN
MNKC
MNKM
MNNK
MNNN
MNNC
MNNM
MNCK
MNCN
MNCC
MNCM
MNMK
MNMN
MNMC
MNMM
MCKK
MCKN
MCKC
MCKM
MCNK
MCNN
MCNC
MCNM
MCCK
MCCN
MCCC
MCCM
MCMK
MCMN
MCMC
MCMM
MMKK
MMKN
MMKC
MMKM
MMNK
MMNN
MMNC
MMNM
MMCK
MMCN
MMCC
MMCM
MMMK
MMMN
MMMC
MMMM
